2024-01-18 08:28:13,120 - ERROR - The format of config.yaml is not valid.
2024-01-18 08:28:15,104 - ERROR - The format of config.yaml is not valid.
2024-01-18 08:28:55,936 - INFO - The format of config.yaml is valid.
2024-01-18 08:28:55,971 - INFO - Opening session...
2024-01-18 08:28:55,982 - WARNING - Retrying to get the Zenoh broker connection (1/3)
2024-01-18 08:29:00,994 - WARNING - Retrying to get the Zenoh broker connection (2/3)
2024-01-18 08:29:06,004 - ERROR - Zenoh broker connection cannot be established after 3 retries. Exiting.
2024-01-18 08:30:52,261 - INFO - The format of config.yaml is valid.
2024-01-18 08:30:52,274 - INFO - Opening session...
2024-01-18 08:30:52,984 - INFO - Zenoh broker connection established successfully.
2024-01-18 08:30:52,984 - INFO - Declaring Subscriber on 'zenoh-pub-stream'...
2024-01-18 08:34:04,393 - INFO - The format of config.yaml is valid.
2024-01-18 08:34:04,405 - INFO - Opening session...
2024-01-18 08:34:05,115 - INFO - Zenoh broker connection established successfully.
2024-01-18 08:34:05,115 - INFO - Declaring Subscriber on 'metadata'...
2024-01-18 08:39:24,523 - INFO - The format of config.yaml is valid.
2024-01-18 08:39:24,533 - INFO - Opening session...
2024-01-18 08:39:25,243 - INFO - Zenoh broker connection established successfully.
2024-01-18 08:39:25,243 - INFO - Declaring Subscriber on 'metadata'...
2024-01-18 08:40:06,502 - INFO - The format of config.yaml is valid.
2024-01-18 08:40:06,513 - INFO - Opening session...
2024-01-18 08:40:07,223 - INFO - Zenoh broker connection established successfully.
2024-01-18 08:40:07,224 - INFO - Declaring Subscriber on 'metadata'...
2024-01-18 08:40:22,794 - INFO - The format of config.yaml is valid.
2024-01-18 08:40:22,805 - INFO - Opening session...
2024-01-18 08:40:23,514 - INFO - Zenoh broker connection established successfully.
2024-01-18 08:40:23,514 - INFO - Declaring Subscriber on 'metadata'...
2024-01-18 08:41:54,901 - INFO - The format of config.yaml is valid.
2024-01-18 08:41:54,913 - INFO - Opening session...
2024-01-18 08:41:55,627 - INFO - Zenoh broker connection established successfully.
2024-01-18 08:41:55,628 - INFO - Declaring Subscriber on 'metadata'...
2024-01-18 08:42:34,065 - INFO - The format of config.yaml is valid.
2024-01-18 08:42:34,077 - INFO - Opening session...
2024-01-18 08:42:34,788 - INFO - Zenoh broker connection established successfully.
2024-01-18 08:42:34,789 - INFO - Declaring Subscriber on 'metadata'...
2024-01-18 08:44:37,907 - INFO - The format of config.yaml is valid.
2024-01-18 08:44:37,918 - INFO - Opening session...
2024-01-18 08:44:38,629 - INFO - Zenoh broker connection established successfully.
2024-01-18 08:44:38,629 - INFO - Declaring Subscriber on 'metadata'...
2024-01-18 08:45:48,424 - INFO - The format of config.yaml is valid.
2024-01-18 08:45:48,437 - INFO - Opening session...
2024-01-18 08:45:49,147 - INFO - Zenoh broker connection established successfully.
2024-01-18 08:45:49,147 - INFO - Declaring Subscriber on 'metadata'...
2024-01-18 08:47:54,515 - INFO - The format of config.yaml is valid.
2024-01-18 08:47:54,526 - INFO - Opening session...
2024-01-18 08:47:55,236 - INFO - Zenoh broker connection established successfully.
2024-01-18 08:47:55,236 - INFO - Declaring Subscriber on 'metadata'...
2024-01-18 08:48:21,492 - INFO - The format of config.yaml is valid.
2024-01-18 08:48:21,503 - INFO - Opening session...
2024-01-18 08:48:22,213 - INFO - Zenoh broker connection established successfully.
2024-01-18 08:48:22,213 - INFO - Declaring Subscriber on 'metadata'...
2024-01-18 09:12:02,979 - INFO - The format of config.yaml is valid.
2024-01-18 09:12:02,992 - INFO - Opening session...
2024-01-18 09:12:02,992 - INFO - Opening session...
2024-01-18 09:12:02,992 - INFO - Opening session...
2024-01-18 09:12:02,992 - INFO - Opening session...
2024-01-18 09:12:03,703 - INFO - Zenoh broker connection established successfully.
2024-01-18 09:12:03,704 - INFO - Declaring Subscriber on 'metadata'...
2024-01-18 09:12:03,704 - INFO - Zenoh broker connection established successfully.
2024-01-18 09:12:03,704 - INFO - Zenoh broker connection established successfully.
2024-01-18 09:12:03,704 - INFO - Declaring Subscriber on 'metadata'...
2024-01-18 09:12:03,704 - INFO - Declaring Subscriber on 'metadata'...
2024-01-18 09:12:03,704 - INFO - Zenoh broker connection established successfully.
2024-01-18 09:12:03,704 - INFO - Declaring Subscriber on 'metadata'...
2024-01-18 09:14:17,592 - INFO - The format of config.yaml is valid.
2024-01-18 09:14:17,613 - INFO - Opening session...
2024-01-18 09:14:17,613 - INFO - Opening session...
2024-01-18 09:14:17,613 - INFO - Opening session...
2024-01-18 09:14:17,613 - INFO - Opening session...
2024-01-18 09:14:18,326 - INFO - Zenoh broker connection established successfully.
2024-01-18 09:14:18,326 - INFO - Zenoh broker connection established successfully.
2024-01-18 09:14:18,326 - INFO - Declaring Subscriber on 'metadata'...
2024-01-18 09:14:18,326 - INFO - Declaring Subscriber on 'metadata'...
2024-01-18 09:14:18,327 - INFO - Zenoh broker connection established successfully.
2024-01-18 09:14:18,327 - INFO - Declaring Subscriber on 'metadata'...
2024-01-18 09:14:18,330 - INFO - Zenoh broker connection established successfully.
2024-01-18 09:14:18,330 - INFO - Declaring Subscriber on 'metadata'...
2024-01-18 09:15:41,085 - INFO - The format of config.yaml is valid.
2024-01-18 09:15:41,103 - INFO - Opening session...
2024-01-18 09:15:41,103 - INFO - Opening session...
2024-01-18 09:15:41,103 - INFO - Opening session...
2024-01-18 09:15:41,103 - INFO - Opening session...
2024-01-18 09:15:41,817 - INFO - Zenoh broker connection established successfully.
2024-01-18 09:15:41,817 - INFO - Zenoh broker connection established successfully.
2024-01-18 09:15:41,817 - INFO - Declaring Subscriber on 'metadata'...
2024-01-18 09:15:41,817 - INFO - Declaring Subscriber on 'metadata'...
2024-01-18 09:15:41,818 - INFO - Zenoh broker connection established successfully.
2024-01-18 09:15:41,818 - INFO - Declaring Subscriber on 'metadata'...
2024-01-18 09:15:41,821 - INFO - Zenoh broker connection established successfully.
2024-01-18 09:15:41,821 - INFO - Declaring Subscriber on 'metadata'...
2024-01-18 09:17:29,985 - INFO - The format of config.yaml is valid.
2024-01-18 09:17:29,999 - INFO - Opening session...
2024-01-18 09:17:29,999 - INFO - Opening session...
2024-01-18 09:17:29,999 - INFO - Opening session...
2024-01-18 09:17:29,999 - INFO - Opening session...
2024-01-18 09:17:30,710 - INFO - Zenoh broker connection established successfully.
2024-01-18 09:17:30,710 - INFO - Declaring Subscriber on 'metadata'...
2024-01-18 09:17:30,711 - INFO - Zenoh broker connection established successfully.
2024-01-18 09:17:30,711 - INFO - Declaring Subscriber on 'metadata'...
2024-01-18 09:17:30,711 - INFO - Zenoh broker connection established successfully.
2024-01-18 09:17:30,711 - INFO - Declaring Subscriber on 'metadata'...
2024-01-18 09:17:30,711 - INFO - Zenoh broker connection established successfully.
2024-01-18 09:17:30,712 - INFO - Declaring Subscriber on 'metadata'...
2024-01-18 09:19:04,527 - INFO - The format of config.yaml is valid.
2024-01-18 09:19:04,545 - INFO - Opening session...
2024-01-18 09:19:04,545 - INFO - Opening session...
2024-01-18 09:19:04,545 - INFO - Opening session...
2024-01-18 09:19:04,545 - INFO - Opening session...
2024-01-18 09:19:05,259 - INFO - Zenoh broker connection established successfully.
2024-01-18 09:19:05,259 - INFO - Declaring Subscriber on 'metadata'...
2024-01-18 09:19:05,261 - INFO - Zenoh broker connection established successfully.
2024-01-18 09:19:05,261 - INFO - Declaring Subscriber on 'metadata'...
2024-01-18 09:19:05,261 - INFO - Zenoh broker connection established successfully.
2024-01-18 09:19:05,262 - INFO - Declaring Subscriber on 'metadata'...
2024-01-18 09:19:05,264 - INFO - Zenoh broker connection established successfully.
2024-01-18 09:19:05,264 - INFO - Declaring Subscriber on 'metadata'...
2024-01-18 09:19:37,530 - INFO - The format of config.yaml is valid.
2024-01-18 09:19:37,548 - INFO - Opening session...
2024-01-18 09:19:37,548 - INFO - Opening session...
2024-01-18 09:19:37,548 - INFO - Opening session...
2024-01-18 09:19:37,548 - INFO - Opening session...
2024-01-18 09:19:38,264 - INFO - Zenoh broker connection established successfully.
2024-01-18 09:19:38,264 - INFO - Declaring Subscriber on 'metadata'...
2024-01-18 09:19:38,264 - INFO - Zenoh broker connection established successfully.
2024-01-18 09:19:38,264 - INFO - Zenoh broker connection established successfully.
2024-01-18 09:19:38,264 - INFO - Declaring Subscriber on 'metadata'...
2024-01-18 09:19:38,264 - INFO - Declaring Subscriber on 'metadata'...
2024-01-18 09:19:38,265 - INFO - Zenoh broker connection established successfully.
2024-01-18 09:19:38,265 - INFO - Declaring Subscriber on 'metadata'...
2024-01-18 10:19:15,883 - ERROR - The file config does not exist.
2024-01-18 10:19:18,079 - ERROR - The file config does not exist.
2024-01-18 10:19:43,634 - INFO - The format of config.yaml is valid.
2024-01-18 10:19:43,664 - INFO - Opening session...
2024-01-18 10:19:43,664 - INFO - Opening session...
2024-01-18 10:19:43,664 - INFO - Opening session...
2024-01-18 10:19:43,664 - INFO - Opening session...
2024-01-18 10:19:44,378 - INFO - Zenoh broker connection established successfully.
2024-01-18 10:19:44,378 - INFO - Declaring Subscriber on 'metadata'...
2024-01-18 10:19:44,378 - INFO - Zenoh broker connection established successfully.
2024-01-18 10:19:44,379 - INFO - Declaring Subscriber on 'metadata'...
2024-01-18 10:19:44,380 - INFO - Zenoh broker connection established successfully.
2024-01-18 10:19:44,380 - INFO - Declaring Subscriber on 'metadata'...
2024-01-18 10:19:44,380 - INFO - Zenoh broker connection established successfully.
2024-01-18 10:19:44,380 - INFO - Declaring Subscriber on 'metadata'...
